0 info it worked if it ends with ok
1 verbose cli [ '/Users/oscaroceguerabibriesca/.nvm/versions/node/v4.2.1/bin/node',
1 verbose cli   '/Users/oscaroceguerabibriesca/.nvm/versions/node/v4.2.1/bin/npm',
1 verbose cli   'start' ]
2 info using npm@3.6.0
3 info using node@v4.2.1
4 verbose config Skipping project config: /Users/oscaroceguerabibriesca/.npmrc. (matches userconfig)
5 verbose stack Error: ENOENT: no such file or directory, open '/Users/oscaroceguerabibriesca/package.json'
5 verbose stack     at Error (native)
6 verbose cwd /Users/oscaroceguerabibriesca/Documents/Repositorios/Ejemplos/avanced-react-redux-udemy
7 error Darwin 15.4.0
8 error argv "/Users/oscaroceguerabibriesca/.nvm/versions/node/v4.2.1/bin/node" "/Users/oscaroceguerabibriesca/.nvm/versions/node/v4.2.1/bin/npm" "start"
9 error node v4.2.1
10 error npm  v3.6.0
11 error path /Users/oscaroceguerabibriesca/package.json
12 error code ENOENT
13 error errno -2
14 error syscall open
15 error enoent ENOENT: no such file or directory, open '/Users/oscaroceguerabibriesca/package.json'
16 error enoent ENOENT: no such file or directory, open '/Users/oscaroceguerabibriesca/package.json'
16 error enoent This is most likely not a problem with npm itself
16 error enoent and is related to npm not being able to find a file.
17 verbose exit [ -2, true ]
